#
# A fatal error has been detected by the Java Runtime Environment:
#
#  EXCEPTION_ACCESS_VIOLATION (0xc0000005) at pc=0x6c429b03, pid=15640, tid=0x000032f0
#
# JRE version: Java(TM) SE Runtime Environment (8.0_111-b14) (build 1.8.0_111-b14)
# Java VM: Java HotSpot(TM) Client VM (25.111-b14 mixed mode windows-x86 )
# Problematic frame:
# C  [awt.dll+0xa9b03]
#
# Failed to write core dump. Minidumps are not enabled by default on client versions of Windows
#
# If you would like to submit a bug report, please visit:
#   http://bugreport.java.com/bugreport/crash.jsp
# The crash happened outside the Java Virtual Machine in native code.
# See problematic frame for where to report the bug.
#

---------------  T H R E A D  ---------------

Current thread (0x28784400):  JavaThread "AWT-EventQueue-0" [_thread_in_native, id=13040, stack(0x292e0000,0x29330000)]

siginfo: ExceptionCode=0xc0000005, reading address 0x00000004

Registers:
EAX=0x0000000d, EBX=0x52011c79, ECX=0x00000000, EDX=0x00000000
ESP=0x2932db48, EBP=0x76b60450, ESI=0x28b7c4d0, EDI=0x28cb1b40
EIP=0x6c429b03, EFLAGS=0x00010297

Top of Stack: (sp=0x2932db48)
0x2932db48:   6c3ae936 52011c79 28cb1b40 28784540
0x2932db58:   2932dc18 2932e0d0 6c3db3db 28784540
0x2932db68:   28cb1b40 2932e0d0 6c3db3f2 00000001
0x2932db78:   00000000 00000000 6c3abb85 28784540
0x2932db88:   2932e0d0 28784400 00000000 00000000
0x2932db98:   2932dbbc 261497c8 00000000 288ccb88
0x2932dba8:   2932e0d4 28784540 2932dc48 02aaae3c
0x2932dbb8:   067332b8 06736fa0 ffffffff 2932dbc4 

Instructions: (pc=0x6c429b03)
0x6c429ae3:   00 00 c3 8b 41 04 8b 80 0c 0c 00 00 c3 8b 01 83
0x6c429af3:   78 04 08 7e 03 33 c0 c3 8b 49 04 e9 c7 eb fe ff
0x6c429b03:   8b 49 04 85 c9 74 05 e9 d5 e9 fe ff 33 c0 c2 04
0x6c429b13:   00 8b 49 04 85 c9 74 05 e9 ea e9 fe ff c2 04 00 


Register to memory mapping:

EAX=0x0000000d is an unknown value
EBX=0x52011c79 is an unknown value
ECX=0x00000000 is an unknown value
EDX=0x00000000 is an unknown value
ESP=0x2932db48 is pointing into the stack for thread: 0x28784400
EBP=0x76b60450 is an unknown value
ESI=0x28b7c4d0 is an unknown value
EDI=0x28cb1b40 is an unknown value


Stack: [0x292e0000,0x29330000],  sp=0x2932db48,  free space=310k
Native frames: (J=compiled Java code, j=interpreted, Vv=VM code, C=native code)
C  [awt.dll+0xa9b03]

Java frames: (J=compiled Java code, j=interpreted, Vv=VM code)
J 2776  sun.java2d.windows.GDIBlitLoops.nativeBlit(Lsun/java2d/SurfaceData;Lsun/java2d/SurfaceData;Lsun/java2d/pipe/Region;IIIIIIIIIZ)V (0 bytes) @ 0x02c4f318 [0x02c4f250+0xc8]
J 6641 C1 sun.java2d.windows.GDIBlitLoops.Blit(Lsun/java2d/SurfaceData;Lsun/java2d/SurfaceData;Ljava/awt/Composite;Lsun/java2d/pipe/Region;IIIIII)V (37 bytes) @ 0x02c49198 [0x02c49100+0x98]
J 6527 C1 sun.java2d.pipe.DrawImage.blitSurfaceData(Lsun/java2d/SunGraphics2D;Lsun/java2d/pipe/Region;Lsun/java2d/SurfaceData;Lsun/java2d/SurfaceData;Lsun/java2d/loops/SurfaceType;Lsun/java2d/loops/SurfaceType;IIIIIILjava/awt/Color;)V (145 bytes) @ 0x02b32ac0 [0x02b328a0+0x220]
J 6526 C1 sun.java2d.pipe.DrawImage.renderImageCopy(Lsun/java2d/SunGraphics2D;Ljava/awt/Image;Ljava/awt/Color;IIIIII)Z (147 bytes) @ 0x02a42f1c [0x02a42e00+0x11c]
J 6524 C1 sun.java2d.pipe.DrawImage.copyImage(Lsun/java2d/SunGraphics2D;Ljava/awt/Image;IILjava/awt/Color;)Z (105 bytes) @ 0x02a43a30 [0x02a43850+0x1e0]
J 6523 C1 sun.java2d.pipe.DrawImage.copyImage(Lsun/java2d/SunGraphics2D;Ljava/awt/Image;IILjava/awt/Color;Ljava/awt/image/ImageObserver;)Z (60 bytes) @ 0x02a43f68 [0x02a43e00+0x168]
J 6539 C1 sun.java2d.pipe.ValidatePipe.copyImage(Lsun/java2d/SunGraphics2D;Ljava/awt/Image;IILjava/awt/Color;Ljava/awt/image/ImageObserver;)Z (29 bytes) @ 0x02b31268 [0x02b311f0+0x78]
J 6519 C1 sun.java2d.SunGraphics2D.drawImage(Ljava/awt/Image;IILjava/awt/Color;Ljava/awt/image/ImageObserver;)Z (145 bytes) @ 0x02a44f8c [0x02a44d90+0x1fc]
J 6518 C1 sun.java2d.SunGraphics2D.drawImage(Ljava/awt/Image;IILjava/awt/image/ImageObserver;)Z (11 bytes) @ 0x02cbf180 [0x02cbf140+0x40]
J 2065 C1 javax.swing.RepaintManager$PaintManager.paintDoubleBuffered(Ljavax/swing/JComponent;Ljava/awt/Image;Ljava/awt/Graphics;IIII)V (294 bytes) @ 0x02ce2bc8 [0x02ce2a20+0x1a8]
J 2165 C1 javax.swing.RepaintManager$PaintManager.paint(Ljavax/swing/JComponent;Ljavax/swing/JComponent;Ljava/awt/Graphics;IIII)Z (189 bytes) @ 0x02d1344c [0x02d13210+0x23c]
J 2911 C1 javax.swing.RepaintManager.paint(Ljavax/swing/JComponent;Ljavax/swing/JComponent;Ljava/awt/Graphics;IIII)V (93 bytes) @ 0x02c41a70 [0x02c41880+0x1f0]
J 6710 C1 javax.swing.JComponent.paint(Ljava/awt/Graphics;)V (409 bytes) @ 0x02cbd8f4 [0x02cbd590+0x364]
j  java.awt.GraphicsCallback$PaintCallback.run(Ljava/awt/Component;Ljava/awt/Graphics;)V+2
j  sun.awt.SunGraphicsCallback.runOneComponent(Ljava/awt/Component;Ljava/awt/Rectangle;Ljava/awt/Graphics;Ljava/awt/Shape;I)V+155
j  sun.awt.SunGraphicsCallback.runComponents([Ljava/awt/Component;Ljava/awt/Graphics;I)V+194
j  java.awt.Container.paint(Ljava/awt/Graphics;)V+58
j  java.awt.Window.paint(Ljava/awt/Graphics;)V+68
J 6795 C1 javax.swing.RepaintManager$4.run()Ljava/lang/Void; (278 bytes) @ 0x02b2f5f4 [0x02b2f320+0x2d4]
J 6794 C1 javax.swing.RepaintManager$4.run()Ljava/lang/Object; (5 bytes) @ 0x02b62960 [0x02b62940+0x20]
v  ~StubRoutines::call_stub
J 1586  java.security.AccessController.doPrivileged(Ljava/security/PrivilegedAction;Ljava/security/AccessControlContext;)Ljava/lang/Object; (0 bytes) @ 0x02c28587 [0x02c28520+0x67]
J 6409 C1 javax.swing.RepaintManager.paintDirtyRegions(Ljava/util/Map;)V (196 bytes) @ 0x02a6fe7c [0x02a6faa0+0x3dc]
J 6726 C1 javax.swing.RepaintManager.paintDirtyRegions()V (50 bytes) @ 0x02c24264 [0x02c24120+0x144]
J 6722 C1 javax.swing.RepaintManager.prePaintDirtyRegions()V (91 bytes) @ 0x02c4c974 [0x02c4c7b0+0x1c4]
J 6743 C1 javax.swing.RepaintManager$ProcessingRunnable.run()V (41 bytes) @ 0x02c232a4 [0x02c23170+0x134]
J 1944 C1 java.awt.event.InvocationEvent.dispatch()V (69 bytes) @ 0x02cbe6dc [0x02cbe5f0+0xec]
J 1677 C1 java.awt.EventQueue.dispatchEventImpl(Ljava/awt/AWTEvent;Ljava/lang/Object;)V (149 bytes) @ 0x02c3e14c [0x02c3dc90+0x4bc]
J 1722 C1 java.awt.EventQueue$3.run()Ljava/lang/Void; (60 bytes) @ 0x02c4d2dc [0x02c4d280+0x5c]
J 1721 C1 java.awt.EventQueue$3.run()Ljava/lang/Object; (5 bytes) @ 0x02c4d060 [0x02c4d040+0x20]
v  ~StubRoutines::call_stub
J 1586  java.security.AccessController.doPrivileged(Ljava/security/PrivilegedAction;Ljava/security/AccessControlContext;)Ljava/lang/Object; (0 bytes) @ 0x02c28587 [0x02c28520+0x67]
J 1672 C1 java.awt.EventQueue.dispatchEvent(Ljava/awt/AWTEvent;)V (80 bytes) @ 0x02c3c508 [0x02c3c300+0x208]
J 1574 C1 java.awt.EventDispatchThread.pumpOneEventForFilters(I)V (295 bytes) @ 0x02c24f50 [0x02c248c0+0x690]
J 2395% C1 java.awt.EventDispatchThread.pumpEventsForFilter(ILjava/awt/Conditional;Ljava/awt/EventFilter;)V (47 bytes) @ 0x02d73000 [0x02d72f40+0xc0]
j  java.awt.EventDispatchThread.pumpEventsForHierarchy(ILjava/awt/Conditional;Ljava/awt/Component;)V+11
j  java.awt.EventDispatchThread.pumpEvents(ILjava/awt/Conditional;)V+4
j  java.awt.EventDispatchThread.pumpEvents(Ljava/awt/Conditional;)V+3
j  java.awt.EventDispatchThread.run()V+9
v  ~StubRoutines::call_stub

---------------  P R O C E S S  ---------------

Java Threads: ( => current thread )
  0x28ac6800 JavaThread "DestroyJavaVM" [_thread_blocked, id=9648, stack(0x026a0000,0x026f0000)]
  0x28799000 JavaThread "TimerQueue" daemon [_thread_blocked, id=12492, stack(0x2a3e0000,0x2a430000)]
  0x2879a000 JavaThread "Batik CleanerThread" daemon [_thread_blocked, id=15180, stack(0x29a60000,0x29ab0000)]
  0x2879ac00 JavaThread "JmDNS(GBG-5CG6502SWY-global-ad.local.).Timer" daemon [_thread_blocked, id=11856, stack(0x29760000,0x297b0000)]
  0x2879a400 JavaThread "JmDNS(GBG-5CG6502SWY-global-ad.local.).State.Timer" [_thread_blocked, id=14316, stack(0x296d0000,0x29720000)]
  0x28799800 JavaThread "JmDNS(GBG-5CG6502SWY-global-ad.local.).Timer" daemon [_thread_blocked, id=8092, stack(0x29640000,0x29690000)]
  0x28798400 JavaThread "SocketListener(GBG-5CG6502SWY-global-ad.local.)" daemon [_thread_in_native, id=232, stack(0x295b0000,0x29600000)]
  0x28798000 JavaThread "JmDNS(GBG-5CG6502SWY-global-ad.local.).Timer" daemon [_thread_blocked, id=956, stack(0x29520000,0x29570000)]
  0x2879b000 JavaThread "JmDNS(GBG-5CG6502SWY-global-ad.local.).State.Timer" [_thread_blocked, id=5784, stack(0x29490000,0x294e0000)]
  0x25ca7000 JavaThread "JmDNS(GBG-5CG6502SWY-global-ad.local.).Timer" daemon [_thread_blocked, id=1900, stack(0x29400000,0x29450000)]
  0x28784c00 JavaThread "SocketListener(GBG-5CG6502SWY-global-ad.local.)" daemon [_thread_in_native, id=2664, stack(0x29370000,0x293c0000)]
=>0x28784400 JavaThread "AWT-EventQueue-0" [_thread_in_native, id=13040, stack(0x292e0000,0x29330000)]
  0x28736400 JavaThread "cc.arduino.packages.discoverers.network.BoardReachabilityFilter" [_thread_blocked, id=14116, stack(0x29030000,0x29080000)]
  0x28735c00 JavaThread "cc.arduino.packages.discoverers.network.NetworkChecker" [_thread_in_native, id=11404, stack(0x28250000,0x282a0000)]
  0x28735400 JavaThread "cc.arduino.packages.discoverers.serial.SerialBoardsLister" [_thread_blocked, id=6132, stack(0x02900000,0x02950000)]
  0x25df2400 JavaThread "AWT-Windows" daemon [_thread_in_native, id=8208, stack(0x263a0000,0x263f0000)]
  0x25df1c00 JavaThread "AWT-Shutdown" [_thread_blocked, id=16164, stack(0x26310000,0x26360000)]
  0x25df1400 JavaThread "Java2D Disposer" daemon [_thread_blocked, id=5512, stack(0x26280000,0x262d0000)]
  0x25162800 JavaThread "Service Thread" daemon [_thread_blocked, id=8632, stack(0x25a70000,0x25ac0000)]
  0x2516c000 JavaThread "C1 CompilerThread0" daemon [_thread_blocked, id=12968, stack(0x259e0000,0x25a30000)]
  0x2516b400 JavaThread "Attach Listener" daemon [_thread_blocked, id=13468, stack(0x25950000,0x259a0000)]
  0x25167400 JavaThread "Signal Dispatcher" daemon [_thread_blocked, id=13076, stack(0x258c0000,0x25910000)]
  0x2514a000 JavaThread "Finalizer" daemon [_thread_blocked, id=8112, stack(0x25750000,0x257a0000)]
  0x25134400 JavaThread "Reference Handler" daemon [_thread_blocked, id=9908, stack(0x256c0000,0x25710000)]

Other Threads:
  0x028bd400 VMThread [stack: 0x250e0000,0x25130000] [id=10356]
  0x2518e800 WatcherThread [stack: 0x25b00000,0x25b50000] [id=4408]

VM state:not at safepoint (normal execution)

VM Mutex/Monitor currently owned by a thread: None

Heap:
 def new generation   total 39424K, used 30249K [0x04a00000, 0x074c0000, 0x0f4a0000)
  eden space 35072K,  85% used [0x04a00000, 0x06738e80, 0x06c40000)
  from space 4352K,   7% used [0x06c40000, 0x06c91628, 0x07080000)
  to   space 4352K,   0% used [0x07080000, 0x07080000, 0x074c0000)
 tenured generation   total 87424K, used 60198K [0x0f4a0000, 0x14a00000, 0x24a00000)
   the space 87424K,  68% used [0x0f4a0000, 0x12f69bf0, 0x12f69c00, 0x14a00000)
 Metaspace       used 19118K, capacity 19592K, committed 19712K, reserved 19840K

Card table byte_map: [0x24a00000,0x24b10000] byte_map_base: 0x249db000

Polling page: 0x01000000

CodeCache: size=32768Kb used=2551Kb max_used=4393Kb free=30216Kb
 bounds [0x02960000, 0x02db0000, 0x04960000]
 total_blobs=1415 nmethods=1136 adapters=208
 compilation: enabled

Compilation events (10 events):
Event: 9912.444 Thread 0x2516c000 7890  s          sun.java2d.loops.GraphicsPrimitiveMgr::locatePrim (96 bytes)
Event: 9912.446 Thread 0x2516c000 nmethod 7890 0x02d46ac8 code [0x02d46c00, 0x02d470ac]
Event: 9912.517 Thread 0x2516c000 7891             sun.awt.image.IntegerComponentRaster::<init> (271 bytes)
Event: 9912.518 Thread 0x2516c000 nmethod 7891 0x02c5dd08 code [0x02c5dea0, 0x02c5e3c8]
Event: 9912.519 Thread 0x2516c000 7892             java.lang.String::equals (81 bytes)
Event: 9912.519 Thread 0x2516c000 nmethod 7892 0x02d48188 code [0x02d48290, 0x02d48410]
Event: 9912.520 Thread 0x2516c000 7893             java.lang.String::hashCode (55 bytes)
Event: 9912.521 Thread 0x2516c000 nmethod 7893 0x02bc7048 code [0x02bc7140, 0x02bc7210]
Event: 9912.527 Thread 0x2516c000 7894             org.fife.ui.rsyntaxtextarea.SyntaxView::drawLine (126 bytes)
Event: 9912.528 Thread 0x2516c000 nmethod 7894 0x02a80b88 code [0x02a80d10, 0x02a810e4]

GC Heap History (10 events):
Event: 9798.157 GC heap before
{Heap before GC invocations=1128 (full 1):
 def new generation   total 39424K, used 35372K [0x04a00000, 0x074c0000, 0x0f4a0000)
  eden space 35072K, 100% used [0x04a00000, 0x06c40000, 0x06c40000)
  from space 4352K,   6% used [0x07080000, 0x070cb008, 0x074c0000)
  to   space 4352K,   0% used [0x06c40000, 0x06c40000, 0x07080000)
 tenured generation   total 87424K, used 60198K [0x0f4a0000, 0x14a00000, 0x24a00000)
   the space 87424K,  68% used [0x0f4a0000, 0x12f69bf0, 0x12f69c00, 0x14a00000)
 Metaspace       used 19118K, capacity 19592K, committed 19712K, reserved 19840K
Event: 9798.158 GC heap after
Heap after GC invocations=1129 (full 1):
 def new generation   total 39424K, used 300K [0x04a00000, 0x074c0000, 0x0f4a0000)
  eden space 35072K,   0% used [0x04a00000, 0x04a00000, 0x06c40000)
  from space 4352K,   6% used [0x06c40000, 0x06c8b018, 0x07080000)
  to   space 4352K,   0% used [0x07080000, 0x07080000, 0x074c0000)
 tenured generation   total 87424K, used 60198K [0x0f4a0000, 0x14a00000, 0x24a00000)
   the space 87424K,  68% used [0x0f4a0000, 0x12f69bf0, 0x12f69c00, 0x14a00000)
 Metaspace       used 19118K, capacity 19592K, committed 19712K, reserved 19840K
}
Event: 9801.391 GC heap before
{Heap before GC invocations=1129 (full 1):
 def new generation   total 39424K, used 35372K [0x04a00000, 0x074c0000, 0x0f4a0000)
  eden space 35072K, 100% used [0x04a00000, 0x06c40000, 0x06c40000)
  from space 4352K,   6% used [0x06c40000, 0x06c8b018, 0x07080000)
  to   space 4352K,   0% used [0x07080000, 0x07080000, 0x074c0000)
 tenured generation   total 87424K, used 60198K [0x0f4a0000, 0x14a00000, 0x24a00000)
   the space 87424K,  68% used [0x0f4a0000, 0x12f69bf0, 0x12f69c00, 0x14a00000)
 Metaspace       used 19118K, capacity 19592K, committed 19712K, reserved 19840K
Event: 9801.393 GC heap after
Heap after GC invocations=1130 (full 1):
 def new generation   total 39424K, used 300K [0x04a00000, 0x074c0000, 0x0f4a0000)
  eden space 35072K,   0% used [0x04a00000, 0x04a00000, 0x06c40000)
  from space 4352K,   6% used [0x07080000, 0x070cb008, 0x074c0000)
  to   space 4352K,   0% used [0x06c40000, 0x06c40000, 0x07080000)
 tenured generation   total 87424K, used 60198K [0x0f4a0000, 0x14a00000, 0x24a00000)
   the space 87424K,  68% used [0x0f4a0000, 0x12f69bf0, 0x12f69c00, 0x14a00000)
 Metaspace       used 19118K, capacity 19592K, committed 19712K, reserved 19840K
}
Event: 9804.443 GC heap before
{Heap before GC invocations=1130 (full 1):
 def new generation   total 39424K, used 35372K [0x04a00000, 0x074c0000, 0x0f4a0000)
  eden space 35072K, 100% used [0x04a00000, 0x06c40000, 0x06c40000)
  from space 4352K,   6% used [0x07080000, 0x070cb008, 0x074c0000)
  to   space 4352K,   0% used [0x06c40000, 0x06c40000, 0x07080000)
 tenured generation   total 87424K, used 60198K [0x0f4a0000, 0x14a00000, 0x24a00000)
   the space 87424K,  68% used [0x0f4a0000, 0x12f69bf0, 0x12f69c00, 0x14a00000)
 Metaspace       used 19118K, capacity 19592K, committed 19712K, reserved 19840K
Event: 9804.444 GC heap after
Heap after GC invocations=1131 (full 1):
 def new generation   total 39424K, used 300K [0x04a00000, 0x074c0000, 0x0f4a0000)
  eden space 35072K,   0% used [0x04a00000, 0x04a00000, 0x06c40000)
  from space 4352K,   6% used [0x06c40000, 0x06c8b018, 0x07080000)
  to   space 4352K,   0% used [0x07080000, 0x07080000, 0x074c0000)
 tenured generation   total 87424K, used 60198K [0x0f4a0000, 0x14a00000, 0x24a00000)
   the space 87424K,  68% used [0x0f4a0000, 0x12f69bf0, 0x12f69c00, 0x14a00000)
 Metaspace       used 19118K, capacity 19592K, committed 19712K, reserved 19840K
}
Event: 9807.443 GC heap before
{Heap before GC invocations=1131 (full 1):
 def new generation   total 39424K, used 35372K [0x04a00000, 0x074c0000, 0x0f4a0000)
  eden space 35072K, 100% used [0x04a00000, 0x06c40000, 0x06c40000)
  from space 4352K,   6% used [0x06c40000, 0x06c8b018, 0x07080000)
  to   space 4352K,   0% used [0x07080000, 0x07080000, 0x074c0000)
 tenured generation   total 87424K, used 60198K [0x0f4a0000, 0x14a00000, 0x24a00000)
   the space 87424K,  68% used [0x0f4a0000, 0x12f69bf0, 0x12f69c00, 0x14a00000)
 Metaspace       used 19118K, capacity 19592K, committed 19712K, reserved 19840K
Event: 9807.445 GC heap after
Heap after GC invocations=1132 (full 1):
 def new generation   total 39424K, used 300K [0x04a00000, 0x074c0000, 0x0f4a0000)
  eden space 35072K,   0% used [0x04a00000, 0x04a00000, 0x06c40000)
  from space 4352K,   6% used [0x07080000, 0x070cb280, 0x074c0000)
  to   space 4352K,   0% used [0x06c40000, 0x06c40000, 0x07080000)
 tenured generation   total 87424K, used 60198K [0x0f4a0000, 0x14a00000, 0x24a00000)
   the space 87424K,  68% used [0x0f4a0000, 0x12f69bf0, 0x12f69c00, 0x14a00000)
 Metaspace       used 19118K, capacity 19592K, committed 19712K, reserved 19840K
}
Event: 9810.283 GC heap before
{Heap before GC invocations=1132 (full 1):
 def new generation   total 39424K, used 35372K [0x04a00000, 0x074c0000, 0x0f4a0000)
  eden space 35072K, 100% used [0x04a00000, 0x06c40000, 0x06c40000)
  from space 4352K,   6% used [0x07080000, 0x070cb280, 0x074c0000)
  to   space 4352K,   0% used [0x06c40000, 0x06c40000, 0x07080000)
 tenured generation   total 87424K, used 60198K [0x0f4a0000, 0x14a00000, 0x24a00000)
   the space 87424K,  68% used [0x0f4a0000, 0x12f69bf0, 0x12f69c00, 0x14a00000)
 Metaspace       used 19118K, capacity 19592K, committed 19712K, reserved 19840K
Event: 9810.285 GC heap after
Heap after GC invocations=1133 (full 1):
 def new generation   total 39424K, used 325K [0x04a00000, 0x074c0000, 0x0f4a0000)
  eden space 35072K,   0% used [0x04a00000, 0x04a00000, 0x06c40000)
  from space 4352K,   7% used [0x06c40000, 0x06c91628, 0x07080000)
  to   space 4352K,   0% used [0x07080000, 0x07080000, 0x074c0000)
 tenured generation   total 87424K, used 60198K [0x0f4a0000, 0x14a00000, 0x24a00000)
   the space 87424K,  68% used [0x0f4a0000, 0x12f69bf0, 0x12f69c00, 0x14a00000)
 Metaspace       used 19118K, capacity 19592K, committed 19712K, reserved 19840K
}

Deoptimization events (0 events):
No events

Internal exceptions (10 events):
Event: 9735.361 Thread 0x28ac7c00 Exception <a 'sun/nio/fs/WindowsException'> (0x05aac830) thrown at [C:\re\workspace\8-2-build-windows-i586-cygwin\jdk8u111\7883\hotspot\src\share\vm\prims\jni.cpp, line 709]
Event: 9735.361 Thread 0x28ac7c00 Exception <a 'sun/nio/fs/WindowsException'> (0x05aacfe0) thrown at [C:\re\workspace\8-2-build-windows-i586-cygwin\jdk8u111\7883\hotspot\src\share\vm\prims\jni.cpp, line 709]
Event: 9735.362 Thread 0x28ac7c00 Exception <a 'sun/nio/fs/WindowsException'> (0x05ab7890) thrown at [C:\re\workspace\8-2-build-windows-i586-cygwin\jdk8u111\7883\hotspot\src\share\vm\prims\jni.cpp, line 709]
Event: 9735.362 Thread 0x28ac7c00 Exception <a 'sun/nio/fs/WindowsException'> (0x05ab7f88) thrown at [C:\re\workspace\8-2-build-windows-i586-cygwin\jdk8u111\7883\hotspot\src\share\vm\prims\jni.cpp, line 709]
Event: 9735.362 Thread 0x28ac7c00 Exception <a 'sun/nio/fs/WindowsException'> (0x05ac2988) thrown at [C:\re\workspace\8-2-build-windows-i586-cygwin\jdk8u111\7883\hotspot\src\share\vm\prims\jni.cpp, line 709]
Event: 9735.362 Thread 0x28ac7c00 Exception <a 'sun/nio/fs/WindowsException'> (0x05ac30a8) thrown at [C:\re\workspace\8-2-build-windows-i586-cygwin\jdk8u111\7883\hotspot\src\share\vm\prims\jni.cpp, line 709]
Event: 9735.363 Thread 0x28ac7c00 Exception <a 'sun/nio/fs/WindowsException'> (0x05aceef8) thrown at [C:\re\workspace\8-2-build-windows-i586-cygwin\jdk8u111\7883\hotspot\src\share\vm\prims\jni.cpp, line 709]
Event: 9735.363 Thread 0x28ac7c00 Exception <a 'sun/nio/fs/WindowsException'> (0x05acf608) thrown at [C:\re\workspace\8-2-build-windows-i586-cygwin\jdk8u111\7883\hotspot\src\share\vm\prims\jni.cpp, line 709]
Event: 9735.364 Thread 0x28ac7c00 Exception <a 'sun/nio/fs/WindowsException'> (0x05adb5c8) thrown at [C:\re\workspace\8-2-build-windows-i586-cygwin\jdk8u111\7883\hotspot\src\share\vm\prims\jni.cpp, line 709]
Event: 9735.364 Thread 0x28ac7c00 Exception <a 'sun/nio/fs/WindowsException'> (0x05adbbc0) thrown at [C:\re\workspace\8-2-build-windows-i586-cygwin\jdk8u111\7883\hotspot\src\share\vm\prims\jni.cpp, line 709]

Events (10 events):
Event: 9876.672 Thread 0x2516c000 flushing nmethod 0x02c42f88
Event: 9898.702 Thread 0x2516c000 flushing nmethod 0x02cdfcc8
Event: 9898.703 Thread 0x2516c000 flushing nmethod 0x02daa408
Event: 9912.442 Thread 0x2516c000 flushing nmethod 0x02bc6f48
Event: 9912.442 Thread 0x2516c000 flushing nmethod 0x02c02a88
Event: 9912.443 Thread 0x2516c000 flushing nmethod 0x02c44648
Event: 9912.444 Thread 0x2516c000 flushing nmethod 0x02d06d48
Event: 9912.444 Thread 0x2516c000 flushing nmethod 0x02d07048
Event: 9912.444 Thread 0x2516c000 flushing nmethod 0x02d46a88
Event: 9912.444 Thread 0x2516c000 flushing nmethod 0x02daa108


Dynamic libraries:
0x00030000 - 0x00063000 	C:\Program Files (x86)\Arduino\java\bin\javaw.exe
0x77020000 - 0x7719b000 	C:\Windows\SYSTEM32\ntdll.dll
0x76970000 - 0x76a50000 	C:\Windows\SYSTEM32\KERNEL32.DLL
0x76160000 - 0x762de000 	C:\Windows\SYSTEM32\KERNELBASE.dll
0x73cd0000 - 0x73d3e000 	C:\Windows\SYSTEM32\SYSFER.DLL
0x76c30000 - 0x76cab000 	C:\Windows\SYSTEM32\ADVAPI32.dll
0x746d0000 - 0x7478e000 	C:\Windows\SYSTEM32\msvcrt.dll
0x76cb0000 - 0x76cf4000 	C:\Windows\SYSTEM32\sechost.dll
0x743d0000 - 0x7447d000 	C:\Windows\SYSTEM32\RPCRT4.dll
0x73d50000 - 0x73d6e000 	C:\Windows\SYSTEM32\SspiCli.dll
0x73d40000 - 0x73d4a000 	C:\Windows\SYSTEM32\CRYPTBASE.dll
0x76100000 - 0x76158000 	C:\Windows\SYSTEM32\bcryptPrimitives.dll
0x741f0000 - 0x74337000 	C:\Windows\SYSTEM32\USER32.dll
0x76ae0000 - 0x76c2f000 	C:\Windows\SYSTEM32\GDI32.dll
0x73930000 - 0x73b3f000 	C:\Windows\WinSxS\x86_microsoft.windows.common-controls_6595b64144ccf1df_6.0.10586.672_none_ea83eaa5b9bc2149\COMCTL32.dll
0x74480000 - 0x7463d000 	C:\Windows\SYSTEM32\combase.dll
0x76a50000 - 0x76a7b000 	C:\Windows\SYSTEM32\IMM32.DLL
0x784f0000 - 0x785af000 	C:\Program Files (x86)\Arduino\java\bin\msvcr100.dll
0x6ccb0000 - 0x6d07d000 	C:\Program Files (x86)\Arduino\java\bin\client\jvm.dll
0x76ad0000 - 0x76ad6000 	C:\Windows\SYSTEM32\PSAPI.DLL
0x73310000 - 0x73318000 	C:\Windows\SYSTEM32\WSOCK32.dll
0x73920000 - 0x73928000 	C:\Windows\SYSTEM32\VERSION.dll
0x74880000 - 0x748df000 	C:\Windows\SYSTEM32\WS2_32.dll
0x63040000 - 0x63064000 	C:\Windows\SYSTEM32\WINMM.dll
0x00fc0000 - 0x00fe3000 	C:\Windows\SYSTEM32\WINMMBASE.dll
0x74640000 - 0x74677000 	C:\Windows\SYSTEM32\cfgmgr32.dll
0x6f3f0000 - 0x6f421000 	C:\Program Files (x86)\Arduino\java\bin\splashscreen.dll
0x71120000 - 0x71195000 	C:\Windows\system32\uxtheme.dll
0x6f3c0000 - 0x6f3cc000 	C:\Program Files (x86)\Arduino\java\bin\verify.dll
0x740d0000 - 0x741ef000 	C:\Windows\SYSTEM32\MSCTF.dll
0x6cbe0000 - 0x6cc01000 	C:\Program Files (x86)\Arduino\java\bin\java.dll
0x70100000 - 0x70113000 	C:\Program Files (x86)\Arduino\java\bin\zip.dll
0x76d90000 - 0x76d9c000 	C:\Windows\SYSTEM32\kernel.appcore.dll
0x748e0000 - 0x75cde000 	C:\Windows\SYSTEM32\SHELL32.dll
0x76300000 - 0x767fa000 	C:\Windows\SYSTEM32\windows.storage.dll
0x76da0000 - 0x76de5000 	C:\Windows\SYSTEM32\shlwapi.dll
0x76d00000 - 0x76d8d000 	C:\Windows\SYSTEM32\shcore.dll
0x74680000 - 0x746c4000 	C:\Windows\SYSTEM32\powrprof.dll
0x75ce0000 - 0x75cef000 	C:\Windows\SYSTEM32\profapi.dll
0x61940000 - 0x619b2000 	C:\Program Files (x86)\Arduino\lib\listSerialsj.dll
0x75cf0000 - 0x760fb000 	C:\Windows\SYSTEM32\SETUPAPI.dll
0x71090000 - 0x710a3000 	C:\Windows\SYSTEM32\CRYPTSP.dll
0x71020000 - 0x7104f000 	C:\Windows\system32\rsaenh.dll
0x73b40000 - 0x73b5b000 	C:\Windows\SYSTEM32\bcrypt.dll
0x6eeb0000 - 0x6eec9000 	C:\Windows\SYSTEM32\USERENV.dll
0x6f470000 - 0x6f486000 	C:\Program Files (x86)\Arduino\java\bin\net.dll
0x25f50000 - 0x25f9f000 	C:\Windows\system32\mswsock.dll
0x73320000 - 0x7334f000 	C:\Windows\SYSTEM32\IPHLPAPI.DLL
0x73dd0000 - 0x73dd7000 	C:\Windows\SYSTEM32\NSI.dll
0x710b0000 - 0x710c3000 	C:\Windows\SYSTEM32\dhcpcsvc6.DLL
0x71050000 - 0x71064000 	C:\Windows\SYSTEM32\dhcpcsvc.DLL
0x6f770000 - 0x6f77f000 	C:\Program Files (x86)\Arduino\java\bin\nio.dll
0x25fa0000 - 0x25fbd000 	C:\Users\gabet1\AppData\Local\Temp\jna--1253562982\jna3749539444081851015.dll
0x74790000 - 0x7487b000 	C:\Windows\SYSTEM32\Ole32.dll
0x6c380000 - 0x6c4c6000 	C:\Program Files (x86)\Arduino\java\bin\awt.dll
0x73eb0000 - 0x73f45000 	C:\Windows\SYSTEM32\OLEAUT32.dll
0x261a0000 - 0x26232000 	C:\Windows\system32\apphelp.dll
0x71100000 - 0x7111d000 	C:\Windows\system32\dwmapi.dll
0x6d7f0000 - 0x6d829000 	C:\Program Files (x86)\Arduino\java\bin\fontmanager.dll
0x6f660000 - 0x6f692000 	C:\Program Files (x86)\Arduino\java\bin\t2k.dll
0x73ca0000 - 0x73cc2000 	C:\Windows\SYSTEM32\DEVOBJ.dll
0x76a80000 - 0x76ac2000 	C:\Windows\SYSTEM32\WINTRUST.dll
0x76ef0000 - 0x76efe000 	C:\Windows\SYSTEM32\MSASN1.dll
0x73f50000 - 0x740c9000 	C:\Windows\SYSTEM32\CRYPT32.dll
0x6f490000 - 0x6f514000 	C:\Windows\SYSTEM32\DNSAPI.dll
0x6e9f0000 - 0x6e9f8000 	C:\Windows\System32\rasadhlp.dll
0x72560000 - 0x725a7000 	C:\Windows\System32\fwpuclnt.dll
0x77320000 - 0x77389000 	C:\Program Files (x86)\Arduino\msvcp100.dll
0x77bf0000 - 0x77cae000 	C:\Program Files (x86)\Arduino\msvcr100.dll
0x297b0000 - 0x297e2000 	C:\Program Files (x86)\Arduino\lib\AStylej.dll
0x6d110000 - 0x6d134000 	C:\Program Files (x86)\Arduino\java\bin\dcpr.dll
0x74340000 - 0x743c4000 	C:\Windows\SYSTEM32\clbcatq.dll
0x566b0000 - 0x56823000 	C:\Windows\SYSTEM32\WindowsCodecs.dll
0x5a4d0000 - 0x5a511000 	C:\Windows\system32\dataexchange.dll
0x5c500000 - 0x5c71a000 	C:\Windows\system32\d3d11.dll
0x5a420000 - 0x5a4c7000 	C:\Windows\system32\dcomp.dll
0x5f130000 - 0x5f1b2000 	C:\Windows\system32\dxgi.dll
0x5a350000 - 0x5a41e000 	C:\Windows\system32\twinapi.appcore.dll
0x64000000 - 0x6401b000 	C:\Users\gabet1\.jssc\windows\jSSC-2.8_x86.dll
0x6e6b0000 - 0x6e7ef000 	C:\Windows\SYSTEM32\dbghelp.dll

VM Arguments:
jvm_args: -Dsun.java2d.d3d=false -Djna.nosys=true -DAPP_DIR=C:\Program Files (x86)\Arduino -Xms128M -Xmx512M 
java_command: processing.app.Base C:\Users\gabet1\Dropbox\Thesis\Repository\Arduino\Target\Target.ino
java_class_path (initial): C:\Program Files (x86)\Arduino\lib\apple.jar;C:\Program Files (x86)\Arduino\lib\arduino-core.jar;C:\Program Files (x86)\Arduino\lib\batik-1.8.jar;C:\Program Files (x86)\Arduino\lib\batik-anim-1.8.jar;C:\Program Files (x86)\Arduino\lib\batik-awt-util-1.8.jar;C:\Program Files (x86)\Arduino\lib\batik-bridge-1.8.jar;C:\Program Files (x86)\Arduino\lib\batik-codec-1.8.jar;C:\Program Files (x86)\Arduino\lib\batik-css-1.8.jar;C:\Program Files (x86)\Arduino\lib\batik-dom-1.8.jar;C:\Program Files (x86)\Arduino\lib\batik-ext-1.8.jar;C:\Program Files (x86)\Arduino\lib\batik-gvt-1.8.jar;C:\Program Files (x86)\Arduino\lib\batik-parser-1.8.jar;C:\Program Files (x86)\Arduino\lib\batik-rasterizer-1.8.jar;C:\Program Files (x86)\Arduino\lib\batik-script-1.8.jar;C:\Program Files (x86)\Arduino\lib\batik-squiggle-1.8.jar;C:\Program Files (x86)\Arduino\lib\batik-svg-dom-1.8.jar;C:\Program Files (x86)\Arduino\lib\batik-svgpp-1.8.jar;C:\Program Files (x86)\Arduino\lib\batik-transcoder-1.8.jar;C:\Program Files (x86)\Arduino\lib\batik-util-1.8.jar;C:\Program Files (x86)\Arduino\lib\batik-xml-1.8.jar;C:\Program Files (x86)\Arduino\lib\bcpg-jdk15on-152.jar;C:\Program Files (x86)\Arduino\lib\bcprov-jdk15on-152.jar;C:\Program Files (x86)\Arduino\lib\commons-codec-1.7.jar;C:\Program Files (x86)\Arduino\lib\commons-compress-1.8.jar;C:\Program Files (x86)\Arduino\lib\commons-exec-1.1.jar;C:\Program Files (x86)\Arduino\lib\commons-httpclient-3.1.jar;C:\Program Files (x86)\Arduino\lib\commons-lang3-3.3.2.jar;C:\Program Files (x86)\Arduino\lib\commons-logging-1.0.4.jar;C:\Program Files (x86)\Arduino\lib\commons-net-3.3.jar;C:\Program Files (x86)\Arduino\lib\jackson-annotations-2.6.3.jar;C:\Program Files (x86)\Arduino\lib\jackson-core-2.6.3.jar;C:\Program Files (x86)\Arduino\lib\jackson-databind-2.6.3.jar;C:\Program Files (x86)\Arduino\lib\jackson-module-mrbean-2.6.3.jar;C:\Program Files (x86)\Arduino\lib\java-semver-0.8.0.jar;C:\Program Files (x86)\Arduino\lib\jmdns-3.4.1.j
Launcher Type: SUN_STANDARD

Environment Variables:
PATH=C:\ProgramData\Oracle\Java\javapath;C:\Windows\system32;C:\Windows;C:\Windows\System32\Wbem;C:\Windows\System32\WindowsPowerShell\v1.0\;C:\Windows\CCM;C:\Windows\system32\config\systemprofile\.dnx\bin;C:\Program Files\Microsoft DNX\Dnvm\;C:\Program Files\Microsoft SQL Server\130\Tools\Binn\;C:\Program Files\Git\cmd;C:\Program Files\MATLAB\R2016b\runtime\win64;C:\Program Files\MATLAB\R2016b\bin;C:\Program Files (x86)\Arduino\java\bin
USERNAME=gabet1
OS=Windows_NT
PROCESSOR_IDENTIFIER=Intel64 Family 6 Model 78 Stepping 3, GenuineIntel



---------------  S Y S T E M  ---------------

OS: Windows 10.0 , 64 bit Build 10586 (10.0.10586.589)

CPU:total 4 (2 cores per cpu, 2 threads per core) family 6 model 78 stepping 3, cmov, cx8, fxsr, mmx, sse, sse2, sse3, ssse3, sse4.1, sse4.2, popcnt, avx, avx2, aes, clmul, erms, rtm, 3dnowpref, lzcnt, ht, tsc, tscinvbit, bmi1, bmi2, adx

Memory: 4k page, physical 16654924k(9397996k free), swap 19145292k(10946116k free)

vm_info: Java HotSpot(TM) Client VM (25.111-b14) for windows-x86 JRE (1.8.0_111-b14), built on Sep 22 2016 18:54:33 by "java_re" with MS VC++ 10.0 (VS2010)

time: Wed Feb 15 16:52:19 2017
elapsed time: 9912 seconds (0d 2h 45m 12s)

